<?xml version="1.0" encoding="UTF-8"?>
<!-- Generated by org.testng.reporters.JUnitReportReporter -->
<testsuite hostname="LAPTOP-077COGF2" failures="0" tests="1" name="com.Testcases.TC_002_LoginTest" time="0.823" errors="0" timestamp="2022-11-09T01:44:35 GMT" skipped="0">
  <testcase classname="com.Testcases.TC_002_LoginTest" name="loginTest" time="0.823"/>
  <system-out/>
</testsuite> <!-- com.Testcases.TC_002_LoginTest -->
