<?xml version="1.0" encoding="UTF-8"?>
<!-- Generated by org.testng.reporters.JUnitReportReporter -->
<testsuite hostname="LAPTOP-077COGF2" failures="0" tests="1" name="com.Testcases.TC_001_AccountRegistrationTest" time="4.229" errors="0" timestamp="2022-11-07T23:38:36 GMT" skipped="0">
  <testcase classname="com.Testcases.TC_001_AccountRegistrationTest" name="test_account_registration" time="4.229"/>
  <system-out/>
</testsuite> <!-- com.Testcases.TC_001_AccountRegistrationTest -->
